Using pre-set license
Built from '2020.2/staging' branch; Version is '2020.2.6f1 (8a2143876886) revision 9052483'; Using compiler version '192528614'; Build Type 'Release'
OS: 'Windows 10 Pro; OS build 19041.264; Version 2004; 64bit' Language: 'zh' Physical Memory: 16106 MB
BatchMode: 1, IsHumanControllingUs: 0, StartBugReporterOnCrash: 0, Is64bit: 1, IsPro: 0

 COMMAND LINE ARGUMENTS:
C:\Program Files\Unity\Editor\Unity.exe
-adb2
-batchMode
-noUpm
-name
AssetImportWorker0
-projectPath
C:/Learning/Shader_Learning/Shader_Learning
-logFile
Logs/AssetImportWorker0.log
-srvPort
57310
Successfully changed project path to: C:/Learning/Shader_Learning/Shader_Learning
C:/Learning/Shader_Learning/Shader_Learning
Using Asset Import Pipeline V2.
Refreshing native plugins compatible for Editor in 16.54 ms, found 0 plugins.
Preloading 0 native plugins for Editor in 0.00 ms.
Initialize engine version: 2020.2.6f1 (8a2143876886)
[Subsystems] Discovering subsystems at path C:/Program Files/Unity/Editor/Data/Resources/UnitySubsystems
[Subsystems] Discovering subsystems at path C:/Learning/Shader_Learning/Shader_Learning/Assets
GfxDevice: creating device client; threaded=0
Direct3D:
    Version:  Direct3D 11.0 [level 11.1]
    Renderer: Intel(R) Iris(R) Xe Graphics (ID=0x9a49)
    Vendor:   
    VRAM:     8053 MB
    Driver:   27.20.100.9664
Initialize mono
Mono path[0] = 'C:/Program Files/Unity/Editor/Data/Managed'
Mono path[1] = 'C:/Program Files/Unity/Editor/Data/MonoBleedingEdge/lib/mono/unityjit'
Mono config path = 'C:/Program Files/Unity/Editor/Data/MonoBleedingEdge/etc'
Using monoOptions --debugger-agent=transport=dt_socket,embedding=1,server=y,suspend=n,address=127.0.0.1:56496
Begin MonoManager ReloadAssembly
Registering precompiled unity dll's ...
Register platform support module: C:/Program Files/Unity/Editor/Data/PlaybackEngines/WindowsStandaloneSupport/UnityEditor.WindowsStandalone.Extensions.dll
Registered in 0.001446 seconds.
Native extension for WindowsStandalone target not found
Refreshing native plugins compatible for Editor in 19.42 ms, found 0 plugins.
Preloading 0 native plugins for Editor in 0.00 ms.
Invoked RoslynAnalysisRunner static constructor.
RoslynAnalysisRunner will not be running.
RoslynAnalysisRunner has terminated.
Mono: successfully reloaded assembly
- Completed reload, in  0.757 seconds
Platform modules already initialized, skipping
Registering precompiled user dll's ...
Registered in 0.000512 seconds.
Begin MonoManager ReloadAssembly
Native extension for WindowsStandalone target not found
Refreshing native plugins compatible for Editor in 0.18 ms, found 0 plugins.
Preloading 0 native plugins for Editor in 0.00 ms.
Invoked RoslynAnalysisRunner static constructor.
RoslynAnalysisRunner will not be running.
RoslynAnalysisRunner has terminated.
Mono: successfully reloaded assembly
- Completed reload, in  0.669 seconds
Platform modules already initialized, skipping
========================================================================
Worker process is ready to serve import requests
Launched and connected shader compiler UnityShaderCompiler.exe after 0.04 seconds
Refreshing native plugins compatible for Editor in 0.16 ms, found 0 plugins.
Preloading 0 native plugins for Editor in 0.00 ms.
Unloading 1103 Unused Serialized files (Serialized files now loaded: 0)
System memory in use before: 56.6 MB.
System memory in use after: 56.7 MB.

Unloading 10 unused Assets to reduce memory usage. Loaded Objects now: 1544.
Total: 1.501700 ms (FindLiveObjects: 0.098100 ms CreateObjectMapping: 0.018100 ms MarkObjects: 1.311200 ms  DeleteObjects: 0.073400 ms)

========================================================================
Received Import Request.
  path: Assets/Shaders
  artifactKey: Guid(a9eed38a820d77d4cb4eed82b378c8e9) Importer(815301076,1909f56bfc062723c751e8b465ee728b)
Start importing Assets/Shaders using Guid(a9eed38a820d77d4cb4eed82b378c8e9) Importer(815301076,1909f56bfc062723c751e8b465ee728b)  -> (artifact id: '1096b109e541b39e14f14bfde9f37539') in 0.004523 seconds
  Import took 0.006140 seconds .

========================================================================
Received Import Request.
  Time since last request: 15.658550 seconds.
  path: Assets/Shaders/Test.shader.shadervariants
  artifactKey: Guid(0e73177367ad32d4fa902eafc08a6f8c) Importer(815301076,1909f56bfc062723c751e8b465ee728b)
Start importing Assets/Shaders/Test.shader.shadervariants using Guid(0e73177367ad32d4fa902eafc08a6f8c) Importer(815301076,1909f56bfc062723c751e8b465ee728b)  -> (artifact id: '46d0957a72bb9cccec95ed24c32e6fc9') in 0.044686 seconds
  Import took 0.046356 seconds .

========================================================================
Received Import Request.
  Time since last request: 11.134908 seconds.
  path: Assets/Shaders/test.shadervariants
  artifactKey: Guid(0e73177367ad32d4fa902eafc08a6f8c) Importer(815301076,1909f56bfc062723c751e8b465ee728b)
Start importing Assets/Shaders/test.shadervariants using Guid(0e73177367ad32d4fa902eafc08a6f8c) Importer(815301076,1909f56bfc062723c751e8b465ee728b)  -> (artifact id: '97d583b92c4be1a1c4ba7ccc6423aff6') in 0.002900 seconds
  Import took 0.004681 seconds .

========================================================================
Received Import Request.
  Time since last request: 0.006387 seconds.
  path: Assets/Shaders/test.shadervariants
  artifactKey: Guid(0e73177367ad32d4fa902eafc08a6f8c) Importer(815301076,1909f56bfc062723c751e8b465ee728b)
Start importing Assets/Shaders/test.shadervariants using Guid(0e73177367ad32d4fa902eafc08a6f8c) Importer(815301076,1909f56bfc062723c751e8b465ee728b)  -> (artifact id: '97d583b92c4be1a1c4ba7ccc6423aff6') in 0.003134 seconds
  Import took 0.005476 seconds .

========================================================================
Received Import Request.
  Time since last request: 24.927298 seconds.
  path: Assets/Shaders/Test.shader
  artifactKey: Guid(8e8a7781152bbfe4ba15ecb512977575) Importer(815301076,1909f56bfc062723c751e8b465ee728b)
Start importing Assets/Shaders/Test.shader using Guid(8e8a7781152bbfe4ba15ecb512977575) Importer(815301076,1909f56bfc062723c751e8b465ee728b)  -> (artifact id: 'db77c9b769b46d5903ab136af72a9650') in 0.006640 seconds
  Import took 0.008884 seconds .

========================================================================
Received Import Request.
  Time since last request: 0.007516 seconds.
  path: Assets/Shaders/Test.shader
  artifactKey: Guid(8e8a7781152bbfe4ba15ecb512977575) Importer(815301076,1909f56bfc062723c751e8b465ee728b)
Start importing Assets/Shaders/Test.shader using Guid(8e8a7781152bbfe4ba15ecb512977575) Importer(815301076,1909f56bfc062723c751e8b465ee728b)  -> (artifact id: 'db77c9b769b46d5903ab136af72a9650') in 0.003746 seconds
  Import took 0.005708 seconds .

========================================================================
Received Import Request.
  Time since last request: 19132.911696 seconds.
  path: Assets/Shaders/Chapter5-SimpleShader.shader
  artifactKey: Guid(8e8a7781152bbfe4ba15ecb512977575) Importer(815301076,1909f56bfc062723c751e8b465ee728b)
Start importing Assets/Shaders/Chapter5-SimpleShader.shader using Guid(8e8a7781152bbfe4ba15ecb512977575) Importer(815301076,1909f56bfc062723c751e8b465ee728b)  -> (artifact id: '073529bb8ec2cc0212c8e40868095ce7') in 0.008014 seconds
  Import took 0.013274 seconds .

========================================================================
Received Import Request.
  Time since last request: 7.577233 seconds.
  path: Assets
  artifactKey: Guid(00000000000000001000000000000000) Importer(815301076,1909f56bfc062723c751e8b465ee728b)
Start importing Assets using Guid(00000000000000001000000000000000) Importer(815301076,1909f56bfc062723c751e8b465ee728b)  -> (artifact id: 'f47cf443bddc682ac2de11ea429897ce') in 0.002784 seconds
  Import took 0.004708 seconds .

========================================================================
Received Import Request.
  Time since last request: 7.123637 seconds.
  path: Assets/Materials
  artifactKey: Guid(35cb25b6a16daba479bb635079820552) Importer(815301076,1909f56bfc062723c751e8b465ee728b)
Start importing Assets/Materials using Guid(35cb25b6a16daba479bb635079820552) Importer(815301076,1909f56bfc062723c751e8b465ee728b)  -> (artifact id: 'a501e2be543e2f2887af7efdd1f701a7') in 0.002853 seconds
  Import took 0.004888 seconds .

========================================================================
Received Import Request.
  Time since last request: 11.599003 seconds.
  path: Assets/Materials/New Material.mat
  artifactKey: Guid(98db45c0b75914d4da6569319b0ecdc2) Importer(815301076,1909f56bfc062723c751e8b465ee728b)
Start importing Assets/Materials/New Material.mat using Guid(98db45c0b75914d4da6569319b0ecdc2) Importer(815301076,1909f56bfc062723c751e8b465ee728b)  -> (artifact id: 'c78d80b3df67f53a6d21d3098d68edac') in 0.099438 seconds
  Import took 0.101653 seconds .

========================================================================
Received Import Request.
  Time since last request: 288.399733 seconds.
  path: Assets/Model
  artifactKey: Guid(f789a392a78de3e48b792f874ec3ac8b) Importer(815301076,1909f56bfc062723c751e8b465ee728b)
Start importing Assets/Model using Guid(f789a392a78de3e48b792f874ec3ac8b) Importer(815301076,1909f56bfc062723c751e8b465ee728b)  -> (artifact id: '414d42c027e21526d490f509de671498') in 0.003082 seconds
  Import took 0.006009 seconds .

========================================================================
Received Import Request.
  Time since last request: 2.955724 seconds.
  path: Assets/Models
  artifactKey: Guid(f789a392a78de3e48b792f874ec3ac8b) Importer(815301076,1909f56bfc062723c751e8b465ee728b)
Start importing Assets/Models using Guid(f789a392a78de3e48b792f874ec3ac8b) Importer(815301076,1909f56bfc062723c751e8b465ee728b)  -> (artifact id: '8ebb658cc145fd561fbcad2fa26d3d4b') in 0.003468 seconds
  Import took 0.005657 seconds .

========================================================================
Received Import Request.
  Time since last request: 5.772836 seconds.
  path: Assets/Models/Sphere.prefab
  artifactKey: Guid(dfbf177001013ba42a78cde019d30766) Importer(815301076,1909f56bfc062723c751e8b465ee728b)
Start importing Assets/Models/Sphere.prefab using Guid(dfbf177001013ba42a78cde019d30766) Importer(815301076,1909f56bfc062723c751e8b465ee728b)  -> (artifact id: 'f04b989da3449b170ad16af7e8fd4b67') in 0.023015 seconds
  Import took 0.024926 seconds .

========================================================================
Received Import Request.
  Time since last request: 0.011431 seconds.
  path: Assets/Models/Sphere.prefab
  artifactKey: Guid(dfbf177001013ba42a78cde019d30766) Importer(815301076,1909f56bfc062723c751e8b465ee728b)
Start importing Assets/Models/Sphere.prefab using Guid(dfbf177001013ba42a78cde019d30766) Importer(815301076,1909f56bfc062723c751e8b465ee728b)  -> (artifact id: 'f04b989da3449b170ad16af7e8fd4b67') in 0.016463 seconds
  Import took 0.018806 seconds .

========================================================================
Received Import Request.
  Time since last request: 28.508901 seconds.
  path: Assets/Models/Sphere.prefab
  artifactKey: Guid(dfbf177001013ba42a78cde019d30766) Importer(815301076,1909f56bfc062723c751e8b465ee728b)
Start importing Assets/Models/Sphere.prefab using Guid(dfbf177001013ba42a78cde019d30766) Importer(815301076,1909f56bfc062723c751e8b465ee728b)  -> (artifact id: '213a2d500759b46f27864e4cc7d9fd91') in 0.017013 seconds
  Import took 0.019031 seconds .

========================================================================
Received Import Request.
  Time since last request: 299.807601 seconds.
  path: Assets/Shaders/Chapter5-SimpleShader.shader
  artifactKey: Guid(8e8a7781152bbfe4ba15ecb512977575) Importer(815301076,1909f56bfc062723c751e8b465ee728b)
Start importing Assets/Shaders/Chapter5-SimpleShader.shader using Guid(8e8a7781152bbfe4ba15ecb512977575) Importer(815301076,1909f56bfc062723c751e8b465ee728b)  -> (artifact id: 'bd8fb82aeb0bffd9f87d961332e72082') in 0.003387 seconds
  Import took 0.005314 seconds .

AssetImportWorkerClient::OnTransportError - code=2 error=End of file
